  main.cpp
G:\C++Project\FireFrame\vendor\eigen\eigen-3.4.0\Eigen\src\Core\arch\Default\Half.h(1,1): warning C4819: 该文件包含不能在当前代码页(936)中表示的字符。请将该文件保存为 Unicode 格式以防止数据丢失
  (编译源文件“src/main.cpp”)
  
G:\C++Project\FireFrame\vendor\eigen\eigen-3.4.0\Eigen\src\Core\arch\Default\BFloat16.h(1,1): warning C4819: 该文件包含不能在当前代码页(936)中表示的字符。请将该文件保存为 Unicode 格式以防止数据丢失
  (编译源文件“src/main.cpp”)
  
G:\C++Project\FireFrame\vendor\eigen\eigen-3.4.0\Eigen\src\Core\arch\Default\GenericPacketMathFunctions.h(676,1): warning C4819: 该文件包含不能在当前代码页(936)中表示的字符。请将该文件保存为 Unicode 格式以防止数据丢失
  (编译源文件“src/main.cpp”)
  
G:\C++Project\FireFrame\FireFrame\src\main.cpp(36,19): warning C4244: “初始化”: 从“double”转换到“float”，可能丢失数据
G:\C++Project\FireFrame\FireFrame\src\main.cpp(123,55): warning C4305: “参数”: 从“double”到“float”截断
G:\C++Project\FireFrame\FireFrame\src\main.cpp(141,55): warning C4305: “参数”: 从“double”到“float”截断
  rasterizer.cpp
G:\C++Project\FireFrame\vendor\eigen\eigen-3.4.0\Eigen\src\Core\arch\Default\Half.h(1,1): warning C4819: 该文件包含不能在当前代码页(936)中表示的字符。请将该文件保存为 Unicode 格式以防止数据丢失
  (编译源文件“src/rasterizer.cpp”)
  
G:\C++Project\FireFrame\vendor\eigen\eigen-3.4.0\Eigen\src\Core\arch\Default\BFloat16.h(1,1): warning C4819: 该文件包含不能在当前代码页(936)中表示的字符。请将该文件保存为 Unicode 格式以防止数据丢失
  (编译源文件“src/rasterizer.cpp”)
  
G:\C++Project\FireFrame\vendor\eigen\eigen-3.4.0\Eigen\src\Core\arch\Default\GenericPacketMathFunctions.h(676,1): warning C4819: 该文件包含不能在当前代码页(936)中表示的字符。请将该文件保存为 Unicode 格式以防止数据丢失
  (编译源文件“src/rasterizer.cpp”)
  
G:\C++Project\FireFrame\FireFrame\src\rasterizer.cpp(76,14): warning C4305: “初始化”: 从“double”到“float”截断
G:\C++Project\FireFrame\FireFrame\src\rasterizer.cpp(77,14): warning C4305: “初始化”: 从“double”到“float”截断
G:\C++Project\FireFrame\FireFrame\src\rasterizer.cpp(95,36): warning C4244: “=”: 从“double”转换到“float”，可能丢失数据
G:\C++Project\FireFrame\FireFrame\src\rasterizer.cpp(96,37): warning C4244: “=”: 从“double”转换到“float”，可能丢失数据
G:\C++Project\FireFrame\FireFrame\src\rasterizer.cpp(124,24): warning C4244: “=”: 从“const _Ty”转换到“int”，可能丢失数据
G:\C++Project\FireFrame\FireFrame\src\rasterizer.cpp(124,24): warning C4244:         with
G:\C++Project\FireFrame\FireFrame\src\rasterizer.cpp(124,24): warning C4244:         [
G:\C++Project\FireFrame\FireFrame\src\rasterizer.cpp(124,24): warning C4244:             _Ty=float
G:\C++Project\FireFrame\FireFrame\src\rasterizer.cpp(124,24): warning C4244:         ]
G:\C++Project\FireFrame\FireFrame\src\rasterizer.cpp(125,24): warning C4244: “=”: 从“const _Ty”转换到“int”，可能丢失数据
G:\C++Project\FireFrame\FireFrame\src\rasterizer.cpp(125,24): warning C4244:         with
G:\C++Project\FireFrame\FireFrame\src\rasterizer.cpp(125,24): warning C4244:         [
G:\C++Project\FireFrame\FireFrame\src\rasterizer.cpp(125,24): warning C4244:             _Ty=float
G:\C++Project\FireFrame\FireFrame\src\rasterizer.cpp(125,24): warning C4244:         ]
G:\C++Project\FireFrame\FireFrame\src\rasterizer.cpp(126,24): warning C4244: “=”: 从“const _Ty”转换到“int”，可能丢失数据
G:\C++Project\FireFrame\FireFrame\src\rasterizer.cpp(126,24): warning C4244:         with
G:\C++Project\FireFrame\FireFrame\src\rasterizer.cpp(126,24): warning C4244:         [
G:\C++Project\FireFrame\FireFrame\src\rasterizer.cpp(126,24): warning C4244:             _Ty=float
G:\C++Project\FireFrame\FireFrame\src\rasterizer.cpp(126,24): warning C4244:         ]
G:\C++Project\FireFrame\FireFrame\src\rasterizer.cpp(127,24): warning C4244: “=”: 从“const _Ty”转换到“int”，可能丢失数据
G:\C++Project\FireFrame\FireFrame\src\rasterizer.cpp(127,24): warning C4244:         with
G:\C++Project\FireFrame\FireFrame\src\rasterizer.cpp(127,24): warning C4244:         [
G:\C++Project\FireFrame\FireFrame\src\rasterizer.cpp(127,24): warning C4244:             _Ty=float
G:\C++Project\FireFrame\FireFrame\src\rasterizer.cpp(127,24): warning C4244:         ]
G:\C++Project\FireFrame\FireFrame\src\rasterizer.cpp(140,40): warning C4244: “初始化”: 从“double”转换到“float”，可能丢失数据
G:\C++Project\FireFrame\FireFrame\src\rasterizer.cpp(204,15): warning C4244: “参数”: 从“float”转换到“const unsigned __int64”，可能丢失数据
  triangle.cpp
G:\C++Project\FireFrame\vendor\eigen\eigen-3.4.0\Eigen\src\Core\arch\Default\Half.h(1,1): warning C4819: 该文件包含不能在当前代码页(936)中表示的字符。请将该文件保存为 Unicode 格式以防止数据丢失
  (编译源文件“src/triangle.cpp”)
  
G:\C++Project\FireFrame\vendor\eigen\eigen-3.4.0\Eigen\src\Core\arch\Default\BFloat16.h(1,1): warning C4819: 该文件包含不能在当前代码页(936)中表示的字符。请将该文件保存为 Unicode 格式以防止数据丢失
  (编译源文件“src/triangle.cpp”)
  
G:\C++Project\FireFrame\vendor\eigen\eigen-3.4.0\Eigen\src\Core\arch\Default\GenericPacketMathFunctions.h(676,1): warning C4819: 该文件包含不能在当前代码页(936)中表示的字符。请将该文件保存为 Unicode 格式以防止数据丢失
  (编译源文件“src/triangle.cpp”)
  
G:\C++Project\FireFrame\FireFrame\src\triangle.cpp(35,70): warning C4244: “参数”: 从“double”转换到“const float”，可能丢失数据
G:\C++Project\FireFrame\FireFrame\src\triangle.cpp(35,53): warning C4244: “参数”: 从“double”转换到“const float”，可能丢失数据
G:\C++Project\FireFrame\FireFrame\src\triangle.cpp(35,36): warning C4244: “参数”: 从“double”转换到“const float”，可能丢失数据
  正在生成代码
  1 of 1438 functions (<0.1%) were compiled, the rest were copied from previous compilation.
    0 functions were new in current compilation
    66 functions had inline decision re-evaluated but remain unchanged
  已完成代码的生成
  FireFrame.vcxproj -> G:\C++Project\FireFrame\x64\Release\FireFrame.exe
